2026-05-14 19:08:35,304 INFO Using REPORTER_CODES from env: 1 reporters
2026-05-14 19:08:35,304 INFO Planned 22 chunks  |  cl=HS  freq=A  cmd=AG2  flows=['M', 'X']  partner=ALL  budget_left_today=480/480
2026-05-14 19:08:35,304 INFO 0/22 chunks already completed; resuming.
2026-05-14 19:08:35,306 INFO Fetching period=2015 reporter=36 flow=M cmd=AG2
2026-05-14 19:08:44,000 INFO   -> 7249 rows  (calls=1  budget_left=479)
2026-05-14 19:08:45,011 INFO Fetching period=2015 reporter=36 flow=X cmd=AG2
2026-05-14 19:08:51,001 INFO   -> 8280 rows  (calls=1  budget_left=478)
2026-05-14 19:08:52,012 INFO Fetching period=2016 reporter=36 flow=M cmd=AG2
2026-05-14 19:09:04,535 INFO   -> 7241 rows  (calls=1  budget_left=477)
2026-05-14 19:09:05,547 INFO Fetching period=2016 reporter=36 flow=X cmd=AG2
2026-05-14 19:09:12,716 INFO   -> 8304 rows  (calls=1  budget_left=476)
2026-05-14 19:09:13,726 INFO Fetching period=2017 reporter=36 flow=M cmd=AG2
2026-05-14 19:09:24,763 INFO   -> 7254 rows  (calls=1  budget_left=475)
2026-05-14 19:09:25,774 INFO Fetching period=2017 reporter=36 flow=X cmd=AG2
2026-05-14 19:09:34,930 INFO   -> 8376 rows  (calls=1  budget_left=474)
2026-05-14 19:09:35,956 INFO Fetching period=2018 reporter=36 flow=M cmd=AG2
2026-05-14 19:09:50,272 INFO   -> 7328 rows  (calls=1  budget_left=473)
2026-05-14 19:09:51,282 INFO Fetching period=2018 reporter=36 flow=X cmd=AG2
2026-05-14 19:10:01,455 INFO   -> 8446 rows  (calls=1  budget_left=472)
2026-05-14 19:10:02,467 INFO Fetching period=2019 reporter=36 flow=M cmd=AG2
2026-05-14 19:10:11,927 INFO   -> 7359 rows  (calls=1  budget_left=471)
2026-05-14 19:10:12,944 INFO Fetching period=2019 reporter=36 flow=X cmd=AG2
2026-05-14 19:10:21,913 INFO   -> 8465 rows  (calls=1  budget_left=470)
2026-05-14 19:10:22,922 INFO Fetching period=2020 reporter=36 flow=M cmd=AG2
2026-05-14 19:10:28,957 INFO   -> 7354 rows  (calls=1  budget_left=469)
2026-05-14 19:10:29,973 INFO Fetching period=2020 reporter=36 flow=X cmd=AG2
2026-05-14 19:10:34,769 INFO   -> 8150 rows  (calls=1  budget_left=468)
2026-05-14 19:10:35,788 INFO Fetching period=2021 reporter=36 flow=M cmd=AG2
2026-05-14 19:10:41,715 INFO   -> 7469 rows  (calls=1  budget_left=467)
2026-05-14 19:10:42,725 INFO Fetching period=2021 reporter=36 flow=X cmd=AG2
2026-05-14 19:10:50,075 INFO   -> 8297 rows  (calls=1  budget_left=466)
2026-05-14 19:10:51,087 INFO Fetching period=2022 reporter=36 flow=M cmd=AG2
2026-05-14 19:10:58,553 INFO   -> 7529 rows  (calls=1  budget_left=465)
2026-05-14 19:10:59,564 INFO Fetching period=2022 reporter=36 flow=X cmd=AG2
2026-05-14 19:11:10,474 INFO   -> 8537 rows  (calls=1  budget_left=464)
2026-05-14 19:11:11,477 INFO Fetching period=2023 reporter=36 flow=M cmd=AG2
2026-05-14 19:11:20,932 INFO   -> 7440 rows  (calls=1  budget_left=463)
2026-05-14 19:11:21,943 INFO Fetching period=2023 reporter=36 flow=X cmd=AG2
2026-05-14 19:11:28,331 INFO   -> 8656 rows  (calls=1  budget_left=462)
2026-05-14 19:11:29,343 INFO Fetching period=2024 reporter=36 flow=M cmd=AG2
2026-05-14 19:11:36,186 INFO   -> 7526 rows  (calls=1  budget_left=461)
2026-05-14 19:11:37,200 INFO Fetching period=2024 reporter=36 flow=X cmd=AG2
2026-05-14 19:11:43,733 INFO   -> 8695 rows  (calls=1  budget_left=460)
2026-05-14 19:11:44,742 INFO Fetching period=2025 reporter=36 flow=M cmd=AG2
2026-05-14 19:11:51,786 INFO   -> 7508 rows  (calls=1  budget_left=459)
2026-05-14 19:11:52,796 INFO Fetching period=2025 reporter=36 flow=X cmd=AG2
2026-05-14 19:11:57,884 INFO   -> 8769 rows  (calls=1  budget_left=458)
2026-05-14 19:11:58,889 INFO Run complete.  Calls used today: 22/480.
